"12/4/2023 7:29:57 AM","Information","This is the 1st message."
"12/4/2023 7:29:57 AM","Warning","This is the 2nd message."
"12/4/2023 7:29:57 AM","Error","This is the 3rd message."
"12/4/2023 7:29:57 AM","Information","This is the 4th message."
"12/4/2023 7:29:57 AM","Information","Operation completed successfully."
"12/4/2023 7:29:57 AM","Warning","Operation may not have succeeded."
"12/4/2023 7:29:57 AM","Error","Operation has failed."
"12/4/2023 7:36:40 AM","Information","This is the 1st message."
"12/4/2023 7:36:40 AM","Warning","This is the 2nd message."
"12/4/2023 7:36:40 AM","Error","This is the 3rd message."
"12/4/2023 7:36:40 AM","Information","This is the 4th message."
"12/4/2023 7:36:40 AM","Information","Operation completed successfully."
"12/4/2023 7:36:40 AM","Warning","Operation may not have succeeded."
"12/4/2023 7:36:40 AM","Error","Operation has failed."
"12/4/2023 7:39:32 AM","Information","This is the 1st message."
"12/4/2023 7:39:32 AM","Warning","This is the 2nd message."
"12/4/2023 7:39:32 AM","Error","This is the 3rd message."
"12/4/2023 7:39:32 AM","Information","This is the 4th message."
"12/4/2023 7:39:32 AM","Information","Operation completed successfully."
"12/4/2023 7:39:32 AM","Warning","Operation may not have succeeded."
"12/4/2023 7:39:32 AM","Error","Operation has failed."
